hw4.cu(85): warning: missing return statement at end of non-void function "decode"

hw4.cu(102): warning: expression has no effect

hw4.cu(102): warning: expression has no effect

hw4.cu(418): warning: variable "total_len" was declared but never referenced

hw4.cu(479): warning: variable "gtid" was declared but never referenced

hw4.cu(485): warning: variable "blk" was declared but never referenced

hw4.cu(587): warning: result of call is not used

hw4.cu(689): warning: result of call is not used

hw4.cu(85): warning: missing return statement at end of non-void function "decode"

hw4.cu(102): warning: expression has no effect

hw4.cu(102): warning: expression has no effect

hw4.cu(587): warning: result of call is not used

hw4.cu(689): warning: result of call is not used

hw4.cu: In function 'void solve(FILE*, FILE*)':
hw4.cu:587:7: warning: ignoring return value of 'int fscanf(FILE*, const char*, ...)', declared with attribute warn_unused_result [-Wunused-result]
     fscanf(fin, "%d\n", &tx);
     ~~^~~~~~~~~~~~~~~~~~
hw4.cu: In function 'int main(int, char**)':
hw4.cu:689:7: warning: ignoring return value of 'int fscanf(FILE*, const char*, ...)', declared with attribute warn_unused_result [-Wunused-result]
     fscanf(fin, "%d\n", &totalblock);
     ~~^~~~~~~~~~~~~~~~~~~~~~~~~~
