start hashingmerkle root(little): af7d2d8c748125eb6b30f82d0c3d0c992a63f0391c7aec73135be94806f8c99f
merkle root(big):    9fc9f80648e95b1373ec7a1c39f0632a990c3d0c2df8306beb2581748c2d7daf
Block info (big): 
  version:  20000000
  pervhash: 0000000000000000000e2969067f2304a25004a2462e1114a262bc1740b722ff
  merkleroot: 9fc9f80648e95b1373ec7a1c39f0632a990c3d0c2df8306beb2581748c2d7daf
  nbits:    1749500d
  ntime:    5ad3327e
  nonce:    ???

Target value (big): 00000000000000000049500d0000000000000000000000000000000000000000
hash #         0 (big): 2826c1faf722b96c214e95bb9da81557d8aa22089e50f092cf73af65a6d35b70
hash #   1000000 (big): 2106bcb61af7fdf804fdd96ac8b0ee8794f29561ede1a19fe878e76dcc05bbe0
hash #   2000000 (big): a969a2cd6b447decaf8cd2fe407d2a8d09bdb14d43ed34f62a115a56844bd1cf
hash #   3000000 (big): d84083917b1bcf6064b0788b7562b615163acbb01a766ede115cfc2049561355
hash #   4000000 (big): 2e51236f98bbb891b48634915e1cbc17de2f1014796ca89db24837134d2f18c9
hash #   5000000 (big): ad37ced6d1cb629c332cd2b8e306443a40cf5d8bb1c2cfedef4712f5b6a252f9
hash #   6000000 (big): 93ab90869c84d9248c80e9c994dc147e11db5bda5001c69a63e8d9f883cdbf5e
hash #   7000000 (big): e3bf4d75150c6746ee195562e34a49198f98875378daa31add83e87f37e16e49
hash #   8000000 (big): 96d4cc6021356a7f419c24d5ffa5b871336f63a2dc8c2239ea6e38b6dca69974
hash #   9000000 (big): ce36fd8aec17f5b528b0edf39b3e57ff9fb12055bd5f304f616db9e4a2c8bc7d
hash #  10000000 (big): 5e4f1a645e9c0223ff3f2298c33f3049a0f8dc4111cc53cfcadb6d6918ef7497
hash #  11000000 (big): 8887688e5054d098f7d8353f41ac6757893af4d818f330c0633bc729d88e063c
hash #  12000000 (big): bec00487a2cf2a0dc1b52cb19e92bbe805901b962d259eafab63b8c629227f23
hash #  13000000 (big): b3f0b30aa7c3cfe626942b0492e033821b35bdffbb066ad7697bfdff0657a7f3
hash #  14000000 (big): 2f637834d9973cb881d6ebfa0a6aaf1c7bbe2fdacecc7c62c337fabe8ec04eab
hash #  15000000 (big): 49e59180c70872829d595ee0c5722018e5262df721bfb3d23b2bdbb38aadfeb8
hash #  16000000 (big): 5fc8c6b7f6e51d749947bc1fdf2d0c4a47865de938d692f1bf1580ee8711b64f
hash #  17000000 (big): f5a5e4a8bc4b1cece1d94c87dc88475a6087c8625bcd74b9a9dcd0a1ab1b7a48
hash #  18000000 (big): 0441e066de814a046dd71f5d5649351269b22a1bf5d98362572187db26dcc1d6
hash #  19000000 (big): 6b06de7ee19f5e6b07ea0bf6c6c5203bb01e74024405a02ca5b5762342842144
hash #  20000000 (big): eaff24d1d7fd494198ccf69e9024e9c72b3d1f70763ed30d7a72b7ee0da81248
hash #  21000000 (big): 7ea6155faee194ad8e4e2f4a23dc6639015bdebabbfbedfe30f746a7a24a9e79
hash #  22000000 (big): 5405512d7b9c18bff3ff852e388124faa62d44205c38e91ab85a67b41b0b17a9
hash #  23000000 (big): b760491dad454bb116c09651f3370f467b47b5169c96e98fbe61a76a7bb894b7
hash #  24000000 (big): 0fb7e610eea6fdb11c2923275459bfb45e48eabe4234111686d2f98c433c858e
hash #  25000000 (big): 12553923d4a55d0b462eb280ae61736dcb96b81f212c3e864ac786e29ff879dc
hash #  26000000 (big): e573c9dd645f826d507d83628129eb51dfcd8bc8cb83e0c4a1158453a920bafb
hash #  27000000 (big): 6805693bc7da68b813558f7ee4435e22415005c6a719b3d81f317c820a745167
hash #  28000000 (big): 3148bc4646527f95ebbef961a84645dc9455875a03c73fc8445941587d7c5147
hash #  29000000 (big): 5d9e4802a338e408d199c67507f4912891fa4612671ccddfcfa8b96899a9f4f4
hash #  30000000 (big): 0751a4ba42445cf2ad75e7fbd70a2b76243d7c0e0e72fa3f0e31e418248d69ef
hash #  31000000 (big): 336fa23970d375ed704416efc5e655c1714fb5c9077b245af7b80ed99f38b7f2
hash #  32000000 (big): e37fdfafd09917bf9a53142152eb8e8e57bc1c0405133c4db8ede12ec8a66028
hash #  33000000 (big): 3603c4a7d84a34bdd05f5824fcaa43bb09d2d242c06cc5010bddd3969b6722b3
hash #  34000000 (big): adabb3d7c5e50d6c6d253cb37e685d0c9777abeba9414200643aa3ee866b4217
hash #  35000000 (big): f8309d52a9b21a385a938b3654ff8effd90c43489b76a8b4b4e2425d3796d572
hash #  36000000 (big): 2f5fa1ca5c465b76bc4dcb8aaa6718b0221530eb7397115ebdb05d5de33c701a
hash #  37000000 (big): 275054dd6f95b1035d530bf4fe696fefa95280e587f64650177049bd91f1d1e6
hash #  38000000 (big): 9f9833f58b591856d4a5e8f6eeed99ce3a9be5524a45732f3ad737f98423214b
hash #  39000000 (big): 6e823a35bc9d8aed4683712118eab9a6b49b79a4e008a9f608a3a41b3ef0d2cb
hash #  40000000 (big): 8987661582817e8714ff32f26e786d967181d4a8700a9c7a7bfadbb73ef53558
hash #  41000000 (big): 01c30d6f3ab039f9b1d2fdf27387e5b01990ab9c86b28d69b00e95c78f27b1ab
hash #  42000000 (big): d1d3659f30d4c491b7be8f35ac09c40a23ddf1a52957e38385e58f45c2991dec
hash #  43000000 (big): 06e72462442339204c42856e6e7e745b3031c9fbbd3bb866154d2f3195d8997d
hash #  44000000 (big): 736abbf309ff2b57004b3386542f9b27d0dc0a201898a87f32d4425d791dcfe5
hash #  45000000 (big): e497d638c9a293c0e52f8f3e874dd7fbec6cecd770a4efb62ef83aee2b402b19
hash #  46000000 (big): 228f86fa75c0ad3e97ee71849577d22496501f25833b7fad601ff819c1655113
hash #  47000000 (big): 99e2d44e2ea09e0d7efff9a5be3c0c58362d844ae1221631f4e0540c6650d08d
hash #  48000000 (big): 7f5c1c2a517e5e68d8a4d41caf5070a1a9af582f510f39d21ed3491b03ea564c
hash #  49000000 (big): f937e77f52ba1772a6141ba33eff7b4687bfce6f4151012664dc506c2b4e6792
hash #  50000000 (big): aaa7a03f6a52422bb09b63674c096296c702e1f33cc03d60164216220bc7aa48
hash #  51000000 (big): 4f00a6dc8889b7a6d85366b5e907e3d135b1cd34c25018723183e61b09470699
hash #  52000000 (big): 052c8ab11d8a7cb95634dd3ca209ed805da5e87f5e55460ff171ed004cc0edf0
hash #  53000000 (big): 13fdb46f5b7a7064ef5417be9f0c522b128566624bea738beaf2cbd8bba84785
hash #  54000000 (big): 5e3bcf1a44bae438e3df2eb21d9697a6783cf2b5987b4f52393e7fe1d1c8b5d6
hash #  55000000 (big): c1219809dbb72bdb2dd794ceca01d812d52988cf8cb3ff12351430be8cb47592
hash #  56000000 (big): ef18b1b0ebb7b64356bde4cd49a6d8a870482afd4232046e7899c65689c060ba
hash #  57000000 (big): 7fb1965ef65bd9228d98ea4c9ea3397af6c76e164801bf209bb839d01148427b
hash #  58000000 (big): 4f4514c556886a460f8d6979083acf5c68517b079001042801415117e03aa3af
hash #  59000000 (big): 515b84376703518ff3416cd1f50c505a1af073a994fa665c8092710c6b39bd28
hash #  60000000 (big): 6a0345a5d4c193ec8982b6d3ad00713e190252228201a6cd3d95cc7f0f04d0d9
hash #  61000000 (big): a964bfb3f718ad45570fda793b80a2bbc04fc81d1065d1b5f7cc880519e8b446
hash #  62000000 (big): f779b6efd8e25ba366a6d9faad4491443ed22e42b0bdcc50c02804cdfa543d25
hash #  63000000 (big): 6f5f8d8680383f93bc135634704aa35686ae9787eb809aa7e81d3d47ae3d3018
hash #  64000000 (big): 7da6139a10ba5a49455cd310f3b67faf5a7b14f8190ca6a44c960e151acef6a5
hash #  65000000 (big): 687a0dd848dd7c9dc3d68313438ddc519dc10b05bbeb2d9fc33d453c47b7611e
hash #  66000000 (big): 4af99e54d6d5ba7e5408b66563bdc92235dbfd25e8e0013f0cbe7578a90c3157
hash #  67000000 (big): 36715a9b993fb381122430a1843cb7dfd3b5ad403b0788114dd955ab4780434b
hash #  68000000 (big): 7a7ba2d00ea981a11956ba931d427a1f8b636bfeb2a1bbc54b3e1870107ec78a
hash #  69000000 (big): 0729fac904969a0f7bfa6ee4e40b89be01e0df9d62728a1e814086a5ac29d767
hash #  70000000 (big): ccf555473b8957f87e1c7ddc6a5590d0b3bbaa91238c67578a3e7083e5e0bd57
hash #  71000000 (big): 28f058c45e1b1340b425ed0be5dd91bdf9288f5da734341f6b3fd6f34f00f71d
hash #  72000000 (big): 3c687abf57cda7f714d75fd97f1cb71a083854d4672dfc60a924998a7aef5377
hash #  73000000 (big): 5ecae394446c0db559563d985850d326ad319c32be24b8046222708fdee66499
hash #  74000000 (big): 09ea18eecde0a67b33dba76c62a3e31bbd5e69ffcf071e5da2e9a7927573744b
hash #  75000000 (big): e9f22317eead48669aed0d5e20cdddbb7c96b59d55389056f89f6e548c708391
hash #  76000000 (big): e9c5198757d90ff020894bc99f20fbc4d6ae218f0050d58bffdca01eef262df1
hash #  77000000 (big): db2fa018132e1c36857644a0ba1516bac9466ae6a5198d9dd4a182cc9b9c305b
hash #  78000000 (big): d7ff8a15f4cc76cea8edac9eacf98e28c1076652341364be827e139b9fe47df4
hash #  79000000 (big): 788afde3a4734451691f60ceb61cca41ec8a26791e03d5fd974f4d99cb992de1
hash #  80000000 (big): ab4eae2e1f5f5a978f48becfa36313a20bcdf86239a8e32503ce8cf2ee75c427
hash #  81000000 (big): 0963c5ac70bbcf650191fa4b4207df006d7a7305c3c37947a6ac4b8b71842fd5
hash #  82000000 (big): 49508fc6fa2acfd73f8e83bf31a6ac7b6621c24760c8eacae1061293e8da74a1
hash #  83000000 (big): bcfa4bf41fa5e9298c70f648bb63646e86826122b025d9cbaa6c86936a10772a
hash #  84000000 (big): 9aeed4d7dd2bf4d33aa8da887c32f07a2ea52b6062c5b0bb1e0b8d058902a454
hash #  85000000 (big): e9f9778b82f7e015e8602bd3609fb17912c76179b1e1def0d79031de89a4f024
hash #  86000000 (big): 636b843c0d56c0817135c20c7089caf501ecce3a5b36f9677ec210ee4134dfda
hash #  87000000 (big): 8942f4f2dba120f98a802181a4001629662d3d6b56c03be9998fb39039692b01
hash #  88000000 (big): 0834347d2be20d80777d71f34acd09a63b314afe4878b678659333d8e2823158
hash #  89000000 (big): c7f22519577a945f53328d38a7ec40bb0166c16567dbc8c70070220af8c4e176
hash #  90000000 (big): 18b022bbee7a8f3d14ab12065d071113b917aa32c65e686cbbf7ed730e417432
hash #  91000000 (big): 0835fb728cc310b0af3a82115e1c5f28688ad953034ab85db85fe2aefae4fa74
hash #  92000000 (big): 5f4a02ce85e492801718a5be7fd273799a9819300fbf9004081ed17d8b572fde
hash #  93000000 (big): 52c03cd0bd3b40372281952594854e7a6f12a19082b9051b1e2c169dba1be90a
hash #  94000000 (big): a577d017205f41193177f981c15e531ba15786cd31ce290944896847d0897f63
hash #  95000000 (big): bd27f21f76bec7a5422dd0b79a17f1863e4e6589200d598c4636bc3bc54b8df0
hash #  96000000 (big): e7ca1549a3867e5d4fd705bfd51e5c605286f2c34d91244098f57f4e987a1adf
hash #  97000000 (big): 95652444525a7cfbfea51e8c385867234c73aee5b908cba79df0d9c6b10e7999
hash #  98000000 (big): c416255154062572848c94b62a787ca2cc49bae1655439a1895699186515930e
hash #  99000000 (big): 9628334dd16efee6d86c23313a6e92ee8ddb8c7e75aee221759aae41c38d039c
hash # 100000000 (big): ae63f6591f2e6fb4c0490813db231d645f5b87a90c2aba7dd8f7c5097d25760c
hash # 101000000 (big): d08a00c45bc6c9f9b0fb870265adcc175f1140a2542c27effbacb0125aa39c25
hash # 102000000 (big): 43d14c36e378cadc18b27d3c287e468290fa742ff30f8f1d11016c762a387015
hash # 103000000 (big): 25f2b7510e73fbaf4f38e4f0bb490a091b8eb4456a2ef08841cc988465b3fec9
hash # 104000000 (big): a42658474333516a77e5eb129c51762dfcdf00f6a5492e39c124e14db8abbadf
hash # 105000000 (big): f94083c757dedde3733cb90161a93b74bf060651b7b0450cddabe6f9ddd46cfa
hash # 106000000 (big): b84c6f9d7757453e324dee0d01a75715a354fc2a74bbb110abfb7bea8d17d886
hash # 107000000 (big): 4134eefc7cf31b602e3654dec0ada49dc6e1c07bd9f54a160e56bb1540423a0b
hash # 108000000 (big): a078d688e084cd1f04e33c2dfd679c9a4ee91356f1a394dcba476ffb4cfea86d
hash # 109000000 (big): eaa67088bf780f4bdb7e06ef040649f407f52c2d9a747d93ee403cfea49374f2
hash # 110000000 (big): b13513de55caecda583f30e83738682b7e00093515bc201b8f4bfb3adaf200a1
hash # 111000000 (big): edb345541514b7bfd0fc364c10e37a909fd4830ea38bd59b0001063be0e8c63f
hash # 112000000 (big): f101b8e10f73e1d49e856efc3f782ddfdbbf81ead659bb787d51b8c509488eba
hash # 113000000 (big): c11d3cb13f72635de46986f706ad9f8c763321f281dcb38f696f67ee41305ec3
hash # 114000000 (big): 9f82b82e6b7096285913468d7ea649eef4bfc8ccd8957b59d6ff08373bc0b395
hash # 115000000 (big): ec560209c4111bd48622ba0f107980b0c54e3d819984aafd2834c76312d89ed1
hash # 116000000 (big): 39eb8c0a0c686fd754ef40af630916fee0ff7df40d846cdbe661cd9fdfe9427d
hash # 117000000 (big): 885af8ec71c870336963342c51e1a8c20d29c84a502b20575c5a683df95dfb0d
hash # 118000000 (big): 179931dd3f59fb5c37312fccc7a9661970adf2e4ffd8b191a8e2101cbc2bb9ac
hash # 119000000 (big): f1091d9c2250faff36db66283420c6f66181946a625fd66f8ca50f3f3a9e5aca
hash # 120000000 (big): ac203ca3995b90d5e0be7680c0f11ebf98a958f9a524c85fbef581ee36d4b763
hash # 121000000 (big): 3322f6f35bd77409b407843314e814fe794c802e3dbec9fec2140fa7aa6add20
hash # 122000000 (big): e88431c8bb01c05291f53f9ee784a0ac00f9eeea94fa939ca84a361f4238d463
hash # 123000000 (big): e0fba1bcae9530a7859346e436890395855a9a3c53c481bf0ecf4f0e528887e2
hash # 124000000 (big): f21300bd0c6f1dc425d8af4d00e296f7dbbdf403f9878874c82921f90e102949
hash # 125000000 (big): b04da28261fb7766018371cf0ecdccb04440fa0c369bb87af1c597bc4d6ab5ea
hash # 126000000 (big): fc0aabd1ac2c5926cdd5914c719fe29b5400b3a88c37c2ef9366875da8b7c479
hash # 127000000 (big): 6284c2615a0150d56e0c72d0a83eabfed65e0904781e19d730e3adb1cd367524
hash # 128000000 (big): b820bba8c3f9c1a88cd9b471ab1d9b23af6361fc8d82b426f303026274e91a59
hash # 129000000 (big): 31487ffe815bab76e79d1abbb402a9b4d9116c57ce3615ab308b1f7e299835cb
hash # 130000000 (big): 4c98c29016ab54d29414f4e41d0282511fc7490f5fcae711eb0adc5af9e6a088
hash # 131000000 (big): 8d2089f3b20337c60cbbd7d54f8a55351d7644e887a08af5bb3e020b75d4b0ec
hash # 132000000 (big): 38721a24abe237b43619a087f08b4231dad5c4b25ba149cc8ea77d6ee843dd04
hash # 133000000 (big): 290fd6c4cdf984b15a58e019b6ddb05d8c2ec0e6ce87d62e7b922cb07c41f3d5
hash # 134000000 (big): e3d6ac99c7d102b3766e038ecbdfa5f16b95e13c1fc2f93de7558fea2b578713
hash # 135000000 (big): 7b7511b8a88541092ca652032a928189f7610aca8327828cbf159301be8cc540
hash # 136000000 (big): b1c44aa7f58d30ad0b7eefc823ca9a13b4d566bade00f6f162466ffbd808ab83
hash # 137000000 (big): 046f2349dfcd2d480894b460085b300eae5e44e22f9f598a7a791e0242727e01
hash # 138000000 (big): b03aecca825b365b57295ae85031c486dd35903c1f0994af741b34eb377f159c
hash # 139000000 (big): 797f5ac07499f07360b2a44f6adac12f51095ac23a356a15379add6bf2ff03f4
hash # 140000000 (big): d7e33b56c059e3a3d525f4a758cb7cae4eb026aa7fc8002f69298ff23fe89871
hash # 141000000 (big): 19afa411a82f6e097d7ad811bf1e0071f5b33b22d1f413d2620019cb57a30964
hash # 142000000 (big): 0458c99381c10fa1f2bdc52e89d37820f79a2eceb333a0c153819b16ff9f8a02
hash # 143000000 (big): b4083e62acc05ac09a7bd5753b28abb0af3bf13ebccac7d79c813029dede8285
hash # 144000000 (big): 80cacd635691722cfce6786b90e9165c13821ce777a059777a69fde54b34117f
hash # 145000000 (big): c9e05902710e8be76dd9794ef7a487c4c9eaa3e8abd9b67b2f8301f66fab9ac5
hash # 146000000 (big): 5e49ce16469236e5e08c0311c378163d1794dfc4588d96c7c179e4a7875dd727
hash # 147000000 (big): a91f22d1dc49a695947a5ae1c1c1c0f90ad4565b371c96f71c923dffd10fd408
hash # 148000000 (big): e0b714cd3658744c521e8b6347fa8ad2fa13e8f484579ec6b0b4d8d3e8ee4719
hash # 149000000 (big): 21c5fb6dee70f3dff4fb3ab345ae3e588966bcea0bb37058c53077ba4e46c4a5
hash # 150000000 (big): 7e4a5335bf6b72d2fca15d52104c4ea0a4da2df8867e9074952c211398c9fac3
hash # 151000000 (big): 378819d6606c1e47898a7694327c562d19fc5e860e8373d6df39cda00248fa77
hash # 152000000 (big): 0bfa4667520609455ba49096e7eaf7766880d4f621796cf618648d71d3ea05ed
hash # 153000000 (big): fabedae65b80e18bb67497b76d5099547b25390539ed89527dc948237b3409d2
hash # 154000000 (big): b6d113b3440fd1efe60494ccfaa6dc27f7c57bb47e947944536ff5006f02e902
hash # 155000000 (big): 7590b7468d3abe56feb2ca188100c326bcbe3bfdb67d896c14bf5f480cce596a
hash # 156000000 (big): 120932c51480f5226544316d0a2a335d2934d30d308b5d5076a091ae0fdf8379
hash # 157000000 (big): 41f114458040baac180f9b5b296ed48dceeec6e03af3bb004c748479606afa81
hash # 158000000 (big): 2250aca02e497cbe9097a3d52cb9985d32f347fdd233f0a47d4bd4fe521a4a47
hash # 159000000 (big): 7ca8af7e357ac12d3864e102923742962625cb03cefbf735505c1fb6b97218bb
hash # 160000000 (big): ddf97538c4e894c185a133c7a72e40c940558a95bfbe992b4bc02d026bbcd4d2
hash # 161000000 (big): 427454bac865e41a38cf4c9f37ca4bf63f00a15063d439b913209227b6271fb2
hash # 162000000 (big): b96741885923109d1053554b7c46d7c7cd23175ed8d17f0c42f8347a23d22c3d
hash # 163000000 (big): d55c475ed3ba7c2930b29a90170abfc6d936f07afc1e05e9842ec0d5c255e6ac
hash # 164000000 (big): e4aab29f0ddf39feff6e95ba1813ba6343f0408c2945c89afc55d05b486f7fac
hash # 165000000 (big): c5c928a08dc1f3bae1c1f9eabc925a0af3fe956185905fe2b89a68773b3ed63e
hash # 166000000 (big): ce3a75c7a5df96d4282989e49c71fbb2403ffed310a9c649c4fef6fce40695ed
hash # 167000000 (big): adbf18d9a5b2ca0d0ca8776b88c0090000579fcfb3156a2f6852baf22a15469d
hash # 168000000 (big): de663eacce9ac886569b2574b52966b0a29145f9b94e38385f52663fa4029d6f
hash # 169000000 (big): b452cf0b9a858f70f2e3c23e2b8099a37eb52d67a5ec4a96f998c99748eb85b5
hash # 170000000 (big): 84604e556a819ad5549ce0c7b9cb008f3434f2fa96ed5e3ff52ffc6639cc4475
hash # 171000000 (big): defdb7a8df7d24388bd15d5751ff113863973cefd69577261c0feb8172211e99
hash # 172000000 (big): d9e93cf59abefc2e3b582299666d5a5bf2951fa9d1cc76519326e634a37b6375
hash # 173000000 (big): 1eb7529892e3d54e1cfcea5de5be69aaebb132b028fa9ae8f7ba355907677933
hash # 174000000 (big): c332fb0a65d5897e408ac87ca83903812b811943c2db7260a61ba5f8b9de911d
hash # 175000000 (big): afd81f6b41e8d2f8ac54d8efee34b8801ea5aaf5500ab7decad973bf8521dec7
hash # 176000000 (big): 3bb803c174effd424b885878e8353948ba09a2a256a495748e93205b18e5e6ee
hash # 177000000 (big): 4aaf53c34ff5b03ab6b5a9aaec8e2dff3ea1f339c007a207f391e09118c92bfc
hash # 178000000 (big): 5cc492e0c521f8e803cfde0f69f3551a5ee3df15f2e13f416e0ccf673bb46d21
hash # 179000000 (big): 5194a36fd1db9b6e91e799c4651590ed2c4d9deb309797c645e193ca690876f2
hash # 180000000 (big): cd42d5eb2f9d059f3069714d901cd1ea6d0207b04ae3280c943f2d7c27964c90
hash # 181000000 (big): 04b8104ba8f9189c92ee958fffd8e76c03777758c8154b7358186bc48ca53d15
hash # 182000000 (big): d15b018fd3a343a5269b528022ae5bafc335550d612ce9f354cee1a6b5fd8286
hash # 183000000 (big): bd08aee9c8dac312d28901772e882540e3743ae05e45ef5d7d48e655077a324d
hash # 184000000 (big): 287c559821c3af6965962fa8b4123b00ede2be140b52824215469c00b4c6132f
hash # 185000000 (big): 2e7ffeccb6d41bb536445786313d7b8d4a7b1404a8966b250de5c572e8c2a327
hash # 186000000 (big): 429df381db2ad346d8dbb7f3b2cf6903899707a5c15d62cd4e9de3e9ce42982a
hash # 187000000 (big): 25797f9779bd043c013fe8846d953af5c2b13401799783fc4585bc46723f8c90
hash # 188000000 (big): 23051a99eefdb27796cc81c7cc4e7a23b17ef3b34517bdcf12888c9c2fec1f48
hash # 189000000 (big): e127f0eb049c7b1cb0fb4a10a9a8d373d53730f3cf6f671f2d10514ea0236c93
hash # 190000000 (big): eb0ad55293f3fda0dd8a7bfba8bc14e5acda850384d110f5dbf5d55df7f16de4
hash # 191000000 (big): b503903145a27b00d564a0387e2f84476223c0d17725bd5fc2fa1e0ebb72a2e3
hash # 192000000 (big): bf4c9631d61e63d9d26952ae9203a9344ff60808e87da91ac185872e4f67c9d0
hash # 193000000 (big): 83a48bf4c50dfcb52818620ef15ed1e5e88ff1206a25195224353164e1da8c1a
hash # 194000000 (big): a907615363a3393c922a6c18324429adb17e3e11fd7ccdc2f1b2166f8b5830d8
hash # 195000000 (big): c609660ce0b4d94b742d54888444ad76641fab9fed147a6feed91194f9e79526
hash # 196000000 (big): 86a9c504a6318781f9424deadc7788b8a0d2b7daa8ff37f1c51fe60ebd08d5fc
hash # 197000000 (big): 625cd4af4fea50b40b509d9500024c803d2508fb8650d73304c9c03f1afd1ca1
hash # 198000000 (big): dfb29e8751e29e495bb785087d50aafb1d7266bed7b90b17f66b8ba3760b2fd3
hash # 199000000 (big): 5b9b32df4e15d02c3c00a2ba2ead2c4af0e2099dd05aca061de51da9f117ff78
hash # 200000000 (big): a6ad29de203cb82f9f738192b9bf9c8e532a2463bd8d990f8dcb1205b23f3b42
hash # 201000000 (big): e023cebfff6ecb6215209e92896502eca5682f141544b54dca05d0da78789d59
hash # 202000000 (big): 099db2e3192819b310b3cd28c967724eaaeb54dc66a2b91f3a9f2a4c6e001914
hash # 203000000 (big): 5a49265e626b1f25a92c1e4d9ca765ed201c027f0f9f852008e3c28354d60735
hash # 204000000 (big): ccff2e64e9666e05cfdc39bebd47b979b248b05eb320ca2b192a89450f2fcd45
hash # 205000000 (big): f9331c40a2885e69d8d0e7e6b74916f875d332602332e50ca302d1f470c6f826
hash # 206000000 (big): c984ed2fd7f63486ec395dc7f690e8d1b985783f0eed406e44d5da69f888bd73
hash # 207000000 (big): 9f7282a6283f09b198c6e017df021632a4dfef20cf990d30991ab51652e05a38
hash # 208000000 (big): f7c18fb6149c683223f8a56aee8fa10f8c1eb4eba0d88928b265ee6fd6393854
hash # 209000000 (big): 5a27efc5413e740ebb8bd177e4e50dc54e51702af2fc9d9e96710c6db2b8e0fd
hash # 210000000 (big): 021293574f5d0b531cc2afc10b05ca7bbf422f88e36738d83ba99e63c754c45c
hash # 211000000 (big): 28ce64a35b5b649edc7baeff1a804e8602d4490101e8b0d24ca40b3557b05b64
hash # 212000000 (big): 7aaa93e4aa0c432e6cb6adf7a96ef89f26f49ce68dbec05ff9a129fa41ec1faf
hash # 213000000 (big): c4e21ec66441b59e35c83ed02dbde58fdb36f073c52b01f66109cefbfe2e3508
hash # 214000000 (big): 59cf6dc664c76d0a6db46a4cf569ad0161b589152df8878347a1c7e8e466e6fc
hash # 215000000 (big): 7e67f0404bd5a99556f309b2165ff10bbe652aad8fca04d6054aabfd02e4247d
hash # 216000000 (big): 18fb25525437aefb4f03af2408aa783a98e49bc8cd752a11baa668084180a660
hash # 217000000 (big): 0e0113000f1b51f50ae5098b32ec24be39705dc897c7669576ee918c92cfb048
hash # 218000000 (big): e3638b255dc183dac4315a3142ab7e5bfcaaf5732a11378aea1db29f217b7c33
hash # 219000000 (big): fb18e4dd936fb318813f073e14f786f55a95fc16def87edea8d09e4f6a62598f
hash # 220000000 (big): 3e2eb5bbd315135e9854b39ce8e9404e823e8fbce5b15eb1b763804cc83ffc7e
hash # 221000000 (big): aa167c956c4c07f17dcf3ce9acebcd167a4f3c3a0b5e395fae7668308e2d01da
hash # 222000000 (big): e9e5623f9e51345dc40df3010aff85c72e8502ee5fdffcefafd8c89612de4fa4
hash # 223000000 (big): 5bd16e01ad30c9d18033961387aceebc69b347450d8f4336b0bd0782d12256e0
hash # 224000000 (big): d42262ad1b0e38d575a4f15d01f019a054f24bdd708cc5a9e5f290fe2f7fe02a
hash # 225000000 (big): a09e0ce4e8cafa6db396d0353ef8d9613b7f143dbea02d82e33d1477c97e876d
hash # 226000000 (big): 397ca20629e04e040762c749725fed88c085c25ca1fcb95c34e143e6d11131e8
hash # 227000000 (big): 3045dddbc37586b6d7a36e0c34367f07f20f07a61d47aa11499ce96f4c4ec383
hash # 228000000 (big): ae341f60ad0a60af1ad622d53c1e9db698bdca4e590121052bb292e37274752b
hash # 229000000 (big): 26db921135319be7eac0861176a8fc43b5d6348640a667763bf18cc088290a6e
hash # 230000000 (big): 367c51daefde6f600deb518b69b5c4ee252f24d2543bfca2f9118fadd5898aa2
hash # 231000000 (big): 0ab55d236585e6afa8c65840c1afc5a887adb2dd48cfdbae6b5a31090c960c28
hash # 232000000 (big): f8629ee6f1458dd3aeb36ee0f6ba2172cad017c97fa2bd093870f77d74afa2da
hash # 233000000 (big): 7421fc0ed2f630079e1a9c5465e25900fd4c1eaaa59d8101061d9b14fb04b5cb
hash # 234000000 (big): aaaf64e557b127a0f2daa475ff921f6dde627eb2cabf85ac092cce6a715b10fc
hash # 235000000 (big): a4964e6e64981e94fa6b16124c4c037845595f0cd03d80e596f821781cc8951f
hash # 236000000 (big): f09e686adac6c451e9fe523730035022366ef8ae17263e82bca4f8d0acc6d7d4
hash # 237000000 (big): c88f4819b687c31068d15cd96aa2cae3e411861f2a31d81605d255a99cea1e0c
hash # 238000000 (big): 6d6dc40f626f7a1974bca248a38b05bb436fb4407e5a0cba13452b10270b1060
hash # 239000000 (big): 3d855581a33d229213371dfeeca313f1cb18bb586b58d75ce2c09c16dea7ac21
hash # 240000000 (big): f8ad63f9356ea19058186841cedcd48dac003b2474edbe40ec72239b36d2312d
hash # 241000000 (big): b4ed2af5db773f8bd86171a89af0110301c113778e8e69f451813934613b0b3e
hash # 242000000 (big): d7fb2a4538a857928a58e35e5e841bb944e41b6fc175a1355407dd1d91b93095
hash # 243000000 (big): 9c4beb1ac48c8da15d4349cc13fb56285430936f2956c5081c2a757d4d4b8d95
hash # 244000000 (big): 521d5c177912ade4d88e35d485f4cceac4e1457c68b0cb30534b28f6d501fad0
hash # 245000000 (big): 4944e437aac6ba3e8f7887e8bb14c64b82359112aedadf462d83e8b0a8d6e7c8
hash # 246000000 (big): 95e9ce49f91dbdcea108f83bba48adfa60e7390fcfee93a978cff02c950e6f7b
hash # 247000000 (big): 86de73ebdb1ef3fac52b294f4154b4f21ebfc3fc2835533ce4f75f3d837b8a75
hash # 248000000 (big): ec1448d3814b19d4b2d2e76a305f075f39505470f4962b37ed62b15e3c418aed
hash # 249000000 (big): 1ed080430e78e526228c4453177521e01fe980885b005b8008e7792be0c66feb
hash # 250000000 (big): dcd45b711209d59addba1539b6540066c537a9f5966332d931456820710204d3
hash # 251000000 (big): 09ea0ec5a4de7c82ae7a1a329c86843d94267b33978a427bec3dde059dee13c7
hash # 252000000 (big): 3fa2400cf7fecf45152f757fa4bee5e059f4692930561533ec6e89ba3902e005
hash # 253000000 (big): 099cbf4ae8a218ea96be2d1f221d6b5afb5ec5a882b680c4903b095a2ae2b785
hash # 254000000 (big): 38af66aef0f2cd317c25d055fb5642c7f9eef8175fa8a13d8853589925264590
hash # 255000000 (big): 6b681f343bb911e4afcf1b5348fd86ff7046631643280ddd2fe6938291a56cfa
hash # 256000000 (big): d4f95e1c1734c0ba7ef64585f38f8eb8777a947349d06de9760bfff90963b640
hash # 257000000 (big): 98f1284cda5ff3643ce3e32b79248556fce3d03e694da3de55ac42d20fa8168a
hash # 258000000 (big): 07028f05ffc35a68336af4664da45b3fdfa92aac3058971fd53fecb20a919b87
hash # 259000000 (big): efbc7a6d4d89f1a084189e30c6b20312c75356d80ff514898a4c1891fa337f0c
hash # 260000000 (big): 82bf6dd3dd6189cc7b1b89554b7bd1fea953ba10424008cb18cc7311eac3a1d2
hash # 261000000 (big): 9703ec765352127461c2902255c37ce16b46d7d7b560209693f89f2d9b84ffd1
hash # 262000000 (big): 25fd8248f4283233d4e312077a8207666473b2fedbb581233831268edac2af85
hash # 263000000 (big): b6ddba811fb4d5cb9d993ea4c57c76f07e4a8d3303ddd46b5a2547aca144a277
hash # 264000000 (big): 315b3be1ee1726fa534529d4cc589bcba495232b6969e7a04e4faad27a80e6df
hash # 265000000 (big): a1717a29b605d55dc1e3d38718175f0e54082d6d8931b9ef2e02da495865373b
hash # 266000000 (big): d7be24d1460048c8369d46048509b84a1e70dcef7318b1f97e4d463d88cc9d54
hash # 267000000 (big): 19ebb86c88d03cef7885bc25e67d7f3c80c461c3c38d431409358474d64e27cc
hash # 268000000 (big): 58d0461826b298bcada25cb7f459772591495197cb08c7d00e3728a6239dbfb2
hash # 269000000 (big): 67dca2fa1e9efc39c80ac56c462f2b9f44b22d265eb7b25f524d3c9089e60be9
hash # 270000000 (big